{"level":"info","message":"path:/user/cart","timestamp":"2021-05-29T18:55:01.033Z"}
{"level":"info","message":"path:/user/status","timestamp":"2021-05-29T18:55:01.049Z"}
{"level":"info","message":"path:/product","timestamp":"2021-05-29T18:55:01.084Z"}
{"level":"info","message":"path:/gallery","timestamp":"2021-05-29T18:55:01.311Z"}
{"level":"info","message":"path:/user/account/address","timestamp":"2021-05-29T18:55:01.314Z"}
{"level":"info","message":"path:/user/cart","timestamp":"2021-05-29T18:55:01.345Z"}
{"level":"info","message":"path:/user/status","timestamp":"2021-05-29T18:55:10.831Z"}
{"level":"info","message":"path:/user/cart","timestamp":"2021-05-29T18:55:10.833Z"}
{"level":"info","message":"path:/product","timestamp":"2021-05-29T18:55:10.977Z"}
{"level":"info","message":"path:/gallery","timestamp":"2021-05-29T18:55:11.100Z"}
{"level":"info","message":"path:/user/account/address","timestamp":"2021-05-29T18:55:11.116Z"}
{"level":"info","message":"path:/user/cart","timestamp":"2021-05-29T18:55:11.144Z"}
{"level":"info","message":"path:/user/status","timestamp":"2021-05-29T18:55:16.205Z"}
{"level":"info","message":"path:/user/cart","timestamp":"2021-05-29T18:55:16.236Z"}
{"level":"info","message":"path:/product","timestamp":"2021-05-29T18:55:16.251Z"}
{"level":"info","message":"path:/gallery","timestamp":"2021-05-29T18:55:16.253Z"}
{"level":"info","message":"path:/user/account/address","timestamp":"2021-05-29T18:55:16.257Z"}
{"level":"info","message":"path:/user/cart","timestamp":"2021-05-29T18:55:16.554Z"}
{"level":"info","message":"path:/user/status","timestamp":"2021-05-29T18:55:29.237Z"}
{"level":"info","message":"path:/user/cart","timestamp":"2021-05-29T18:55:29.238Z"}
{"level":"info","message":"path:/product","timestamp":"2021-05-29T18:55:29.286Z"}
{"level":"info","message":"path:/gallery","timestamp":"2021-05-29T18:55:29.507Z"}
{"level":"info","message":"path:/user/account/address","timestamp":"2021-05-29T18:55:29.510Z"}
{"level":"info","message":"path:/user/cart","timestamp":"2021-05-29T18:55:29.527Z"}
{"level":"info","message":"connected to mongodb","timestamp":"2021-05-30T05:28:08.444Z"}
{"level":"info","message":"connected to mongodb","timestamp":"2021-05-30T05:28:16.642Z"}
{"level":"info","message":"connected to mongodb","timestamp":"2021-05-30T05:28:29.359Z"}
{"level":"info","message":"connected to mongodb","timestamp":"2021-05-30T05:28:36.527Z"}
{"level":"info","message":"connected to mongodb","timestamp":"2021-05-30T05:28:49.015Z"}
{"level":"info","message":"connected to mongodb","timestamp":"2021-05-30T05:29:01.525Z"}
{"level":"info","message":"connected to mongodb","timestamp":"2021-05-30T05:29:33.867Z"}
{"level":"info","message":"connected to mongodb","timestamp":"2021-05-30T05:30:03.155Z"}
{"level":"info","message":"connected to mongodb","timestamp":"2021-05-30T05:30:13.372Z"}
{"level":"info","message":"connected to mongodb","timestamp":"2021-05-30T05:30:49.542Z"}
{"level":"info","message":"connected to mongodb","timestamp":"2021-05-30T05:31:01.909Z"}
{"level":"info","message":"connected to mongodb","timestamp":"2021-05-30T05:31:10.927Z"}
{"level":"info","message":"connected to mongodb","timestamp":"2021-05-30T05:32:28.460Z"}
{"level":"info","message":"connected to mongodb","timestamp":"2021-05-30T05:32:37.263Z"}
{"level":"info","message":"connected to mongodb","timestamp":"2021-05-30T05:38:52.552Z"}
{"level":"info","message":"connected to mongodb","timestamp":"2021-05-30T05:38:56.430Z"}
{"level":"info","message":"connected to mongodb","timestamp":"2021-05-30T05:39:00.944Z"}
{"level":"info","message":"connected to mongodb","timestamp":"2021-05-30T05:39:18.994Z"}
{"level":"info","message":"connected to mongodb","timestamp":"2021-05-30T05:39:26.954Z"}
{"level":"info","message":"connected to mongodb","timestamp":"2021-05-30T05:40:10.695Z"}
{"level":"info","message":"connected to mongodb","timestamp":"2021-05-30T05:40:15.506Z"}
{"level":"info","message":"connected to mongodb","timestamp":"2021-05-30T05:41:26.767Z"}
{"level":"info","message":"connected to mongodb","timestamp":"2021-05-30T05:41:56.884Z"}
{"level":"info","message":"connected to mongodb","timestamp":"2021-05-30T05:42:10.796Z"}
{"level":"info","message":"connected to mongodb","timestamp":"2021-05-30T05:42:22.181Z"}
{"level":"info","message":"connected to mongodb","timestamp":"2021-05-30T05:42:34.569Z"}
{"level":"info","message":"connected to mongodb","timestamp":"2021-05-30T05:43:18.582Z"}
{"level":"info","message":"connected to mongodb","timestamp":"2021-05-30T05:43:43.361Z"}
{"level":"info","message":"connected to mongodb","timestamp":"2021-05-30T05:43:57.110Z"}
{"level":"info","message":"connected to mongodb","timestamp":"2021-05-30T05:44:10.932Z"}
{"level":"info","message":"connected to mongodb","timestamp":"2021-05-30T05:44:15.203Z"}
{"level":"info","message":"connected to mongodb","timestamp":"2021-05-30T05:44:22.993Z"}
{"level":"info","message":"path:/user/status","timestamp":"2021-05-30T05:45:04.690Z"}
{"level":"info","message":"path:/user/cart","timestamp":"2021-05-30T05:45:04.700Z"}
{"level":"info","message":"path:/product","timestamp":"2021-05-30T05:45:04.716Z"}
{"level":"info","message":"path:/gallery","timestamp":"2021-05-30T05:45:04.995Z"}
{"level":"info","message":"path:/user/account/address","timestamp":"2021-05-30T05:45:05.057Z"}
{"level":"info","message":"path:/user/cart","timestamp":"2021-05-30T05:45:05.688Z"}
{"level":"info","message":"path:/location","timestamp":"2021-05-30T05:45:08.640Z"}
{"level":"info","message":"connected to mongodb","timestamp":"2021-05-30T05:45:26.064Z"}
{"level":"info","message":"connected to mongodb","timestamp":"2021-05-30T05:45:32.422Z"}
{"level":"info","message":"connected to mongodb","timestamp":"2021-05-30T05:45:37.739Z"}
{"level":"info","message":"connected to mongodb","timestamp":"2021-05-30T05:46:30.494Z"}
{"level":"info","message":"connected to mongodb","timestamp":"2021-05-30T05:46:39.096Z"}
{"level":"info","message":"connected to mongodb","timestamp":"2021-05-30T05:46:49.241Z"}
{"level":"info","message":"connected to mongodb","timestamp":"2021-05-30T05:46:54.872Z"}
{"level":"info","message":"connected to mongodb","timestamp":"2021-05-30T05:47:03.577Z"}
{"level":"info","message":"connected to mongodb","timestamp":"2021-05-30T05:47:17.392Z"}
{"level":"info","message":"connected to mongodb","timestamp":"2021-05-30T05:47:31.097Z"}
{"level":"info","message":"connected to mongodb","timestamp":"2021-05-30T05:47:54.260Z"}
{"level":"info","message":"connected to mongodb","timestamp":"2021-05-30T06:03:08.271Z"}
{"level":"info","message":"connected to mongodb","timestamp":"2021-05-30T06:03:23.126Z"}
{"level":"info","message":"connected to mongodb","timestamp":"2021-05-30T06:03:43.177Z"}
{"level":"info","message":"connected to mongodb","timestamp":"2021-05-30T06:03:49.524Z"}
{"level":"info","message":"connected to mongodb","timestamp":"2021-05-30T06:03:57.631Z"}
{"level":"info","message":"connected to mongodb","timestamp":"2021-05-30T06:04:16.479Z"}
{"level":"info","message":"connected to mongodb","timestamp":"2021-05-30T06:04:55.297Z"}
{"level":"info","message":"connected to mongodb","timestamp":"2021-05-30T06:05:05.010Z"}
{"level":"info","message":"connected to mongodb","timestamp":"2021-05-30T06:05:20.156Z"}
{"level":"info","message":"connected to mongodb","timestamp":"2021-05-30T06:05:27.140Z"}
{"level":"info","message":"connected to mongodb","timestamp":"2021-05-30T06:05:31.654Z"}
{"level":"info","message":"connected to mongodb","timestamp":"2021-05-30T06:05:40.347Z"}
{"level":"info","message":"connected to mongodb","timestamp":"2021-05-30T06:06:00.830Z"}
{"level":"info","message":"connected to mongodb","timestamp":"2021-05-30T06:06:09.275Z"}
{"level":"info","message":"connected to mongodb","timestamp":"2021-05-30T06:06:35.219Z"}
{"level":"info","message":"connected to mongodb","timestamp":"2021-05-30T06:06:43.941Z"}
{"level":"info","message":"connected to mongodb","timestamp":"2021-05-30T06:07:31.529Z"}
{"level":"info","message":"connected to mongodb","timestamp":"2021-05-30T06:07:37.488Z"}
{"level":"info","message":"connected to mongodb","timestamp":"2021-05-30T06:07:58.982Z"}
{"level":"info","message":"connected to mongodb","timestamp":"2021-05-30T06:08:27.036Z"}
{"level":"info","message":"connected to mongodb","timestamp":"2021-05-30T06:08:33.181Z"}
{"level":"info","message":"connected to mongodb","timestamp":"2021-05-30T06:08:42.416Z"}
{"level":"info","message":"connected to mongodb","timestamp":"2021-05-30T06:09:09.340Z"}
{"level":"info","message":"connected to mongodb","timestamp":"2021-05-30T06:09:20.030Z"}
{"level":"info","message":"connected to mongodb","timestamp":"2021-05-30T06:09:28.379Z"}
{"level":"info","message":"connected to mongodb","timestamp":"2021-05-30T06:09:50.294Z"}
{"level":"info","message":"connected to mongodb","timestamp":"2021-05-30T06:09:58.391Z"}
{"level":"info","message":"connected to mongodb","timestamp":"2021-05-30T06:10:05.769Z"}
{"level":"info","message":"connected to mongodb","timestamp":"2021-05-30T06:10:19.491Z"}
{"level":"info","message":"connected to mongodb","timestamp":"2021-05-30T06:10:30.857Z"}
{"level":"info","message":"connected to mongodb","timestamp":"2021-05-30T06:10:35.669Z"}
{"level":"info","message":"connected to mongodb","timestamp":"2021-05-30T06:11:01.477Z"}
{"level":"info","message":"connected to mongodb","timestamp":"2021-05-30T06:11:09.259Z"}
{"level":"info","message":"connected to mongodb","timestamp":"2021-05-30T06:11:13.969Z"}
{"level":"info","message":"connected to mongodb","timestamp":"2021-05-30T06:11:35.597Z"}
{"level":"info","message":"connected to mongodb","timestamp":"2021-05-30T06:12:03.346Z"}
{"level":"info","message":"connected to mongodb","timestamp":"2021-05-30T06:12:32.507Z"}
{"level":"info","message":"connected to mongodb","timestamp":"2021-05-30T06:13:14.145Z"}
{"level":"info","message":"connected to mongodb","timestamp":"2021-05-30T06:13:23.199Z"}
{"level":"info","message":"connected to mongodb","timestamp":"2021-05-30T06:14:34.264Z"}
{"level":"info","message":"connected to mongodb","timestamp":"2021-05-30T06:15:07.419Z"}
{"level":"info","message":"connected to mongodb","timestamp":"2021-05-30T06:16:38.786Z"}
{"level":"info","message":"connected to mongodb","timestamp":"2021-05-30T06:18:33.064Z"}
{"level":"info","message":"connected to mongodb","timestamp":"2021-05-30T06:20:06.553Z"}
{"level":"info","message":"connected to mongodb","timestamp":"2021-05-30T06:20:19.742Z"}
{"level":"info","message":"connected to mongodb","timestamp":"2021-05-30T06:23:58.579Z"}
{"level":"info","message":"connected to mongodb","timestamp":"2021-05-30T06:24:07.689Z"}
{"level":"info","message":"connected to mongodb","timestamp":"2021-05-30T06:24:33.921Z"}
{"level":"info","message":"connected to mongodb","timestamp":"2021-05-30T06:24:45.779Z"}
{"level":"info","message":"connected to mongodb","timestamp":"2021-05-30T06:24:53.532Z"}
{"level":"info","message":"connected to mongodb","timestamp":"2021-05-30T06:25:46.113Z"}
{"level":"info","message":"connected to mongodb","timestamp":"2021-05-30T06:25:56.481Z"}
{"level":"info","message":"connected to mongodb","timestamp":"2021-05-30T06:26:06.084Z"}
{"level":"info","message":"connected to mongodb","timestamp":"2021-05-30T06:26:13.757Z"}
{"level":"info","message":"connected to mongodb","timestamp":"2021-05-30T06:27:07.614Z"}
{"level":"info","message":"connected to mongodb","timestamp":"2021-05-30T06:27:47.947Z"}
{"level":"info","message":"connected to mongodb","timestamp":"2021-05-30T06:28:45.314Z"}
{"level":"info","message":"connected to mongodb","timestamp":"2021-05-30T06:29:12.968Z"}
{"level":"info","message":"connected to mongodb","timestamp":"2021-05-30T06:29:22.081Z"}
{"level":"info","message":"connected to mongodb","timestamp":"2021-05-30T06:29:30.657Z"}
{"level":"info","message":"connected to mongodb","timestamp":"2021-05-30T06:29:43.679Z"}
{"level":"info","message":"connected to mongodb","timestamp":"2021-05-30T06:30:02.623Z"}
{"level":"info","message":"connected to mongodb","timestamp":"2021-05-30T06:30:13.355Z"}
{"level":"info","message":"connected to mongodb","timestamp":"2021-05-30T06:30:28.534Z"}
{"level":"info","message":"connected to mongodb","timestamp":"2021-05-30T06:31:07.651Z"}
{"level":"info","message":"connected to mongodb","timestamp":"2021-05-30T06:31:20.840Z"}
{"level":"info","message":"connected to mongodb","timestamp":"2021-05-30T06:31:34.992Z"}
{"level":"info","message":"connected to mongodb","timestamp":"2021-05-30T06:31:45.643Z"}
{"level":"info","message":"connected to mongodb","timestamp":"2021-05-30T06:31:49.893Z"}
{"level":"info","message":"connected to mongodb","timestamp":"2021-05-30T06:31:58.559Z"}
{"level":"info","message":"path:/user/status","timestamp":"2021-05-30T06:35:20.543Z"}
{"level":"info","message":"path:/user/cart","timestamp":"2021-05-30T06:35:20.550Z"}
{"level":"info","message":"path:/product","timestamp":"2021-05-30T06:35:20.565Z"}
{"level":"info","message":"path:/gallery","timestamp":"2021-05-30T06:35:20.912Z"}
{"level":"info","message":"path:/user/account/address","timestamp":"2021-05-30T06:35:20.916Z"}
{"level":"info","message":"path:/user/cart","timestamp":"2021-05-30T06:35:20.955Z"}
{"level":"info","message":"connected to mongodb","timestamp":"2021-05-30T06:38:56.826Z"}
{"level":"info","message":"connected to mongodb","timestamp":"2021-05-30T06:39:03.993Z"}
{"level":"info","message":"connected to mongodb","timestamp":"2021-05-30T06:39:12.617Z"}
{"level":"info","message":"connected to mongodb","timestamp":"2021-05-30T06:40:15.776Z"}
{"level":"info","message":"path:/user/status","timestamp":"2021-05-30T06:41:03.578Z"}
{"level":"info","message":"path:/user/cart","timestamp":"2021-05-30T06:41:03.590Z"}
{"level":"info","message":"path:/product","timestamp":"2021-05-30T06:41:03.605Z"}
{"level":"info","message":"path:/gallery","timestamp":"2021-05-30T06:41:03.835Z"}
{"level":"info","message":"path:/user/account/address","timestamp":"2021-05-30T06:41:03.907Z"}
{"level":"info","message":"path:/user/cart","timestamp":"2021-05-30T06:41:04.261Z"}
{"level":"info","message":"connected to mongodb","timestamp":"2021-05-30T06:41:44.070Z"}
{"level":"info","message":"connected to mongodb","timestamp":"2021-05-30T06:41:52.152Z"}
{"level":"info","message":"connected to mongodb","timestamp":"2021-05-30T06:42:00.453Z"}
{"level":"info","message":"connected to mongodb","timestamp":"2021-05-30T06:42:12.002Z"}
{"level":"info","message":"connected to mongodb","timestamp":"2021-05-30T06:42:24.462Z"}
{"level":"info","message":"connected to mongodb","timestamp":"2021-05-30T06:44:17.464Z"}
{"level":"info","message":"connected to mongodb","timestamp":"2021-05-30T06:44:23.691Z"}
{"level":"info","message":"connected to mongodb","timestamp":"2021-05-30T06:44:53.362Z"}
{"level":"info","message":"connected to mongodb","timestamp":"2021-05-30T06:45:12.630Z"}
{"level":"info","message":"connected to mongodb","timestamp":"2021-05-30T06:47:35.996Z"}
{"level":"info","message":"connected to mongodb","timestamp":"2021-05-30T06:47:46.142Z"}
{"level":"info","message":"connected to mongodb","timestamp":"2021-05-30T06:48:37.998Z"}
{"level":"info","message":"connected to mongodb","timestamp":"2021-05-30T06:48:46.372Z"}
{"level":"info","message":"connected to mongodb","timestamp":"2021-05-30T06:49:02.545Z"}
{"level":"info","message":"connected to mongodb","timestamp":"2021-05-30T06:49:28.350Z"}
{"level":"info","message":"connected to mongodb","timestamp":"2021-05-30T06:50:37.057Z"}
{"level":"info","message":"connected to mongodb","timestamp":"2021-05-30T06:50:46.050Z"}
{"level":"info","message":"connected to mongodb","timestamp":"2021-05-30T06:59:20.001Z"}
{"level":"info","message":"connected to mongodb","timestamp":"2021-05-30T06:59:24.016Z"}
{"level":"info","message":"connected to mongodb","timestamp":"2021-05-30T07:00:06.402Z"}
{"level":"info","message":"connected to mongodb","timestamp":"2021-05-30T07:00:39.995Z"}
{"level":"info","message":"connected to mongodb","timestamp":"2021-05-30T07:00:51.875Z"}
{"level":"info","message":"connected to mongodb","timestamp":"2021-05-30T07:01:03.036Z"}
{"level":"info","message":"connected to mongodb","timestamp":"2021-05-30T07:01:09.741Z"}
{"level":"info","message":"connected to mongodb","timestamp":"2021-05-30T07:01:13.848Z"}
{"level":"info","message":"connected to mongodb","timestamp":"2021-05-30T07:01:19.220Z"}
{"level":"info","message":"connected to mongodb","timestamp":"2021-05-30T07:01:44.720Z"}
{"level":"info","message":"connected to mongodb","timestamp":"2021-05-30T07:01:48.799Z"}
{"level":"info","message":"connected to mongodb","timestamp":"2021-05-30T07:01:55.447Z"}
{"level":"info","message":"connected to mongodb","timestamp":"2021-05-30T07:02:01.912Z"}
{"level":"info","message":"connected to mongodb","timestamp":"2021-05-30T07:02:08.770Z"}
{"level":"info","message":"connected to mongodb","timestamp":"2021-05-30T07:02:18.999Z"}
{"level":"info","message":"connected to mongodb","timestamp":"2021-05-30T07:02:34.403Z"}
{"level":"info","message":"connected to mongodb","timestamp":"2021-05-30T07:02:59.356Z"}
{"level":"info","message":"connected to mongodb","timestamp":"2021-05-30T07:03:40.054Z"}
{"level":"info","message":"connected to mongodb","timestamp":"2021-05-30T07:03:49.841Z"}
{"level":"info","message":"connected to mongodb","timestamp":"2021-05-30T07:04:20.154Z"}
{"level":"info","message":"connected to mongodb","timestamp":"2021-05-30T07:04:29.858Z"}
{"level":"info","message":"connected to mongodb","timestamp":"2021-05-30T07:04:34.285Z"}
{"level":"info","message":"connected to mongodb","timestamp":"2021-05-30T07:04:40.764Z"}
{"level":"info","message":"connected to mongodb","timestamp":"2021-05-30T07:04:53.942Z"}
{"level":"info","message":"connected to mongodb","timestamp":"2021-05-30T07:05:02.219Z"}
{"level":"info","message":"connected to mongodb","timestamp":"2021-05-30T07:05:13.097Z"}
{"level":"info","message":"connected to mongodb","timestamp":"2021-05-30T07:05:53.221Z"}
{"level":"info","message":"connected to mongodb","timestamp":"2021-05-30T07:06:00.098Z"}
{"level":"info","message":"path:/location","timestamp":"2021-05-30T07:14:46.881Z"}
{"level":"info","message":"path:/user/cart","timestamp":"2021-05-30T07:14:52.427Z"}
{"level":"info","message":"path:/user/orders","timestamp":"2021-05-30T07:14:54.688Z"}
{"level":"info","message":"path:/images/16193458492551614603248137coffee1.jpeg","timestamp":"2021-05-30T07:14:55.297Z"}
{"level":"info","message":"path:/user/cart","timestamp":"2021-05-30T07:14:55.689Z"}
{"level":"info","message":"path:/user/cart","timestamp":"2021-05-30T07:14:58.257Z"}
{"level":"info","message":"path:/location","timestamp":"2021-05-30T07:14:59.009Z"}
{"level":"info","message":"connected to mongodb","timestamp":"2021-05-30T07:15:58.432Z"}
{"level":"info","message":"connected to mongodb","timestamp":"2021-05-30T07:16:14.170Z"}
{"level":"info","message":"connected to mongodb","timestamp":"2021-05-30T07:19:56.580Z"}
{"level":"info","message":"connected to mongodb","timestamp":"2021-05-30T07:20:13.604Z"}
{"level":"info","message":"connected to mongodb","timestamp":"2021-05-30T07:20:55.977Z"}
{"level":"info","message":"connected to mongodb","timestamp":"2021-05-30T07:21:01.733Z"}
{"level":"info","message":"connected to mongodb","timestamp":"2021-05-30T07:21:12.981Z"}
{"level":"info","message":"connected to mongodb","timestamp":"2021-05-30T07:21:41.355Z"}
{"level":"info","message":"connected to mongodb","timestamp":"2021-05-30T07:22:03.993Z"}
{"level":"info","message":"connected to mongodb","timestamp":"2021-05-30T07:22:24.985Z"}
{"level":"info","message":"connected to mongodb","timestamp":"2021-05-30T07:22:36.275Z"}
{"level":"info","message":"connected to mongodb","timestamp":"2021-05-30T07:23:40.145Z"}
{"level":"info","message":"connected to mongodb","timestamp":"2021-05-30T07:23:53.253Z"}
{"level":"info","message":"connected to mongodb","timestamp":"2021-05-30T07:24:01.527Z"}
{"level":"info","message":"connected to mongodb","timestamp":"2021-05-30T07:24:20.302Z"}
{"level":"info","message":"connected to mongodb","timestamp":"2021-05-30T07:24:35.753Z"}
{"level":"info","message":"connected to mongodb","timestamp":"2021-05-30T07:24:48.961Z"}
{"level":"info","message":"connected to mongodb","timestamp":"2021-05-30T07:25:01.623Z"}
{"level":"info","message":"connected to mongodb","timestamp":"2021-05-30T07:25:06.446Z"}
{"level":"info","message":"connected to mongodb","timestamp":"2021-05-30T07:25:16.397Z"}
{"level":"info","message":"connected to mongodb","timestamp":"2021-05-30T07:25:24.674Z"}
{"level":"info","message":"connected to mongodb","timestamp":"2021-05-30T07:25:32.558Z"}
{"level":"info","message":"connected to mongodb","timestamp":"2021-05-30T07:26:00.430Z"}
{"level":"info","message":"connected to mongodb","timestamp":"2021-05-30T07:26:11.699Z"}
{"level":"info","message":"connected to mongodb","timestamp":"2021-05-30T07:26:31.065Z"}
{"level":"info","message":"connected to mongodb","timestamp":"2021-05-30T07:26:44.369Z"}
{"level":"info","message":"connected to mongodb","timestamp":"2021-05-30T07:27:21.869Z"}
{"level":"info","message":"connected to mongodb","timestamp":"2021-05-30T07:27:31.195Z"}
{"level":"info","message":"connected to mongodb","timestamp":"2021-05-30T07:27:37.306Z"}
{"level":"info","message":"connected to mongodb","timestamp":"2021-05-30T07:27:53.589Z"}
{"level":"info","message":"connected to mongodb","timestamp":"2021-05-30T07:28:09.025Z"}
{"level":"info","message":"connected to mongodb","timestamp":"2021-05-30T07:36:36.651Z"}
{"level":"info","message":"connected to mongodb","timestamp":"2021-05-30T07:37:11.354Z"}
{"level":"info","message":"connected to mongodb","timestamp":"2021-05-30T07:37:21.690Z"}
{"level":"info","message":"connected to mongodb","timestamp":"2021-05-30T07:37:26.290Z"}
{"level":"info","message":"connected to mongodb","timestamp":"2021-05-30T07:40:02.989Z"}
{"level":"info","message":"connected to mongodb","timestamp":"2021-05-30T07:40:07.882Z"}
{"level":"info","message":"connected to mongodb","timestamp":"2021-05-30T07:40:17.320Z"}
{"level":"info","message":"connected to mongodb","timestamp":"2021-05-30T07:42:03.693Z"}
{"level":"info","message":"connected to mongodb","timestamp":"2021-05-30T07:42:38.816Z"}
{"level":"info","message":"connected to mongodb","timestamp":"2021-05-30T07:43:01.867Z"}
{"level":"info","message":"connected to mongodb","timestamp":"2021-05-30T07:43:22.154Z"}
{"level":"info","message":"connected to mongodb","timestamp":"2021-05-30T07:43:37.697Z"}
{"level":"info","message":"connected to mongodb","timestamp":"2021-05-30T07:44:22.540Z"}
{"level":"info","message":"connected to mongodb","timestamp":"2021-05-30T07:51:59.150Z"}
{"level":"info","message":"connected to mongodb","timestamp":"2021-05-30T07:52:14.122Z"}
{"level":"info","message":"connected to mongodb","timestamp":"2021-05-30T07:52:22.546Z"}
{"level":"info","message":"connected to mongodb","timestamp":"2021-05-30T07:52:30.095Z"}
{"level":"info","message":"connected to mongodb","timestamp":"2021-05-30T07:52:45.139Z"}
{"level":"info","message":"connected to mongodb","timestamp":"2021-05-30T07:52:59.794Z"}
{"level":"info","message":"connected to mongodb","timestamp":"2021-05-30T07:53:04.816Z"}
{"level":"info","message":"connected to mongodb","timestamp":"2021-05-30T07:53:30.512Z"}
{"level":"info","message":"connected to mongodb","timestamp":"2021-05-30T07:53:37.434Z"}
{"level":"info","message":"connected to mongodb","timestamp":"2021-05-30T08:19:47.479Z"}
{"level":"info","message":"connected to mongodb","timestamp":"2021-05-30T08:19:55.860Z"}
{"level":"info","message":"connected to mongodb","timestamp":"2021-05-30T08:20:10.862Z"}
{"level":"info","message":"connected to mongodb","timestamp":"2021-05-30T08:20:16.241Z"}
{"level":"info","message":"connected to mongodb","timestamp":"2021-05-30T08:20:25.596Z"}
{"level":"info","message":"connected to mongodb","timestamp":"2021-05-30T08:20:45.424Z"}
{"level":"info","message":"connected to mongodb","timestamp":"2021-05-30T08:20:55.976Z"}
{"level":"info","message":"connected to mongodb","timestamp":"2021-05-30T08:21:10.016Z"}
{"level":"info","message":"connected to mongodb","timestamp":"2021-05-30T08:21:21.871Z"}
{"level":"info","message":"connected to mongodb","timestamp":"2021-05-30T08:21:31.081Z"}
{"level":"info","message":"connected to mongodb","timestamp":"2021-05-30T08:21:56.629Z"}
{"level":"info","message":"connected to mongodb","timestamp":"2021-05-30T08:22:02.626Z"}
{"level":"info","message":"connected to mongodb","timestamp":"2021-05-30T08:28:38.506Z"}
{"level":"info","message":"connected to mongodb","timestamp":"2021-05-30T08:28:51.290Z"}
{"level":"info","message":"connected to mongodb","timestamp":"2021-05-30T08:29:27.089Z"}
{"level":"info","message":"connected to mongodb","timestamp":"2021-05-30T08:30:11.721Z"}
{"level":"info","message":"connected to mongodb","timestamp":"2021-05-30T08:30:28.381Z"}
{"level":"info","message":"connected to mongodb","timestamp":"2021-05-30T08:30:35.266Z"}
{"level":"info","message":"connected to mongodb","timestamp":"2021-05-30T08:30:39.406Z"}
{"level":"info","message":"connected to mongodb","timestamp":"2021-05-30T08:30:46.958Z"}
{"level":"info","message":"connected to mongodb","timestamp":"2021-05-30T08:35:32.849Z"}
{"level":"info","message":"connected to mongodb","timestamp":"2021-05-30T08:36:27.733Z"}
{"level":"info","message":"connected to mongodb","timestamp":"2021-05-30T08:36:36.822Z"}
{"level":"info","message":"connected to mongodb","timestamp":"2021-05-30T08:37:16.277Z"}
{"level":"info","message":"connected to mongodb","timestamp":"2021-05-30T08:37:26.591Z"}
{"level":"info","message":"connected to mongodb","timestamp":"2021-05-30T08:40:20.738Z"}
{"level":"info","message":"connected to mongodb","timestamp":"2021-05-30T08:40:34.868Z"}
{"level":"info","message":"connected to mongodb","timestamp":"2021-05-30T08:42:32.232Z"}
{"level":"info","message":"connected to mongodb","timestamp":"2021-05-30T08:42:39.707Z"}
{"level":"info","message":"connected to mongodb","timestamp":"2021-05-30T08:43:35.398Z"}
{"level":"info","message":"connected to mongodb","timestamp":"2021-05-30T08:44:08.610Z"}
{"level":"info","message":"connected to mongodb","timestamp":"2021-05-30T08:44:22.766Z"}
{"level":"info","message":"connected to mongodb","timestamp":"2021-05-30T08:46:54.678Z"}
{"level":"info","message":"connected to mongodb","timestamp":"2021-05-30T08:47:07.106Z"}
{"level":"info","message":"connected to mongodb","timestamp":"2021-05-30T08:47:42.032Z"}
{"level":"info","message":"connected to mongodb","timestamp":"2021-05-30T08:47:51.574Z"}
{"level":"info","message":"connected to mongodb","timestamp":"2021-05-30T08:47:58.142Z"}
{"level":"info","message":"connected to mongodb","timestamp":"2021-05-30T08:48:02.724Z"}
{"level":"info","message":"connected to mongodb","timestamp":"2021-05-30T08:48:32.656Z"}
{"level":"info","message":"connected to mongodb","timestamp":"2021-05-30T08:48:48.919Z"}
{"level":"info","message":"connected to mongodb","timestamp":"2021-05-30T08:48:59.788Z"}
{"level":"info","message":"connected to mongodb","timestamp":"2021-05-30T09:00:26.651Z"}
{"level":"info","message":"connected to mongodb","timestamp":"2021-05-30T09:00:37.418Z"}
{"level":"info","message":"connected to mongodb","timestamp":"2021-05-30T09:00:55.558Z"}
{"level":"info","message":"connected to mongodb","timestamp":"2021-05-30T09:01:06.173Z"}
{"level":"info","message":"connected to mongodb","timestamp":"2021-05-30T09:01:10.374Z"}
{"level":"info","message":"connected to mongodb","timestamp":"2021-05-30T09:01:18.763Z"}
{"level":"info","message":"connected to mongodb","timestamp":"2021-05-30T09:01:30.733Z"}
{"level":"info","message":"connected to mongodb","timestamp":"2021-05-30T09:04:02.939Z"}
{"level":"info","message":"connected to mongodb","timestamp":"2021-05-30T09:04:19.715Z"}
{"level":"info","message":"connected to mongodb","timestamp":"2021-05-30T09:05:22.903Z"}
{"level":"info","message":"connected to mongodb","timestamp":"2021-05-30T09:05:28.522Z"}
{"level":"info","message":"connected to mongodb","timestamp":"2021-05-30T09:05:45.634Z"}
{"level":"info","message":"connected to mongodb","timestamp":"2021-05-30T09:07:13.098Z"}
{"level":"info","message":"connected to mongodb","timestamp":"2021-05-30T09:07:20.897Z"}
{"level":"info","message":"path:/user/status","timestamp":"2021-05-30T09:57:16.496Z"}
{"level":"info","message":"path:/user/cart","timestamp":"2021-05-30T09:57:16.563Z"}
{"level":"info","message":"path:/product","timestamp":"2021-05-30T09:57:16.570Z"}
{"level":"info","message":"path:/gallery","timestamp":"2021-05-30T09:57:16.573Z"}
{"level":"info","message":"path:/user/account/address","timestamp":"2021-05-30T09:57:18.868Z"}
{"level":"info","message":"path:/user/cart","timestamp":"2021-05-30T09:57:18.998Z"}
{"level":"info","message":"path:/user/status","timestamp":"2021-05-30T09:57:34.742Z"}
{"level":"info","message":"path:/user/cart","timestamp":"2021-05-30T09:57:34.845Z"}
{"level":"info","message":"path:/product","timestamp":"2021-05-30T09:57:34.847Z"}
{"level":"info","message":"path:/gallery","timestamp":"2021-05-30T09:57:34.864Z"}
{"level":"info","message":"path:/user/account/address","timestamp":"2021-05-30T09:57:37.062Z"}
{"level":"info","message":"path:/user/cart","timestamp":"2021-05-30T09:57:37.203Z"}
{"level":"info","message":"path:/user/status","timestamp":"2021-05-30T09:58:09.780Z"}
{"level":"info","message":"path:/user/cart","timestamp":"2021-05-30T09:58:09.782Z"}
{"level":"info","message":"path:/product","timestamp":"2021-05-30T09:58:09.788Z"}
{"level":"info","message":"path:/gallery","timestamp":"2021-05-30T09:58:09.821Z"}
{"level":"info","message":"path:/user/account/address","timestamp":"2021-05-30T09:58:12.112Z"}
{"level":"info","message":"path:/user/cart","timestamp":"2021-05-30T09:58:12.149Z"}
{"level":"info","message":"connected to mongodb","timestamp":"2021-05-30T10:00:48.232Z"}
{"level":"info","message":"connected to mongodb","timestamp":"2021-05-30T10:01:10.047Z"}
{"level":"info","message":"path:/babel/parser/lib/index.js","timestamp":"2021-05-30T10:01:12.817Z"}
{"level":"info","message":"path:/babel/parser/lib/index.js","timestamp":"2021-05-30T10:01:16.940Z"}
{"level":"info","message":"path:/babel/parser/lib/index.js","timestamp":"2021-05-30T10:01:21.074Z"}
{"level":"info","message":"path:/user/status","timestamp":"2021-05-30T10:02:25.808Z"}
{"level":"info","message":"path:/user/cart","timestamp":"2021-05-30T10:02:25.833Z"}
{"level":"info","message":"path:/product","timestamp":"2021-05-30T10:02:25.856Z"}
{"level":"info","message":"path:/gallery","timestamp":"2021-05-30T10:02:27.518Z"}
{"level":"info","message":"path:/user/account/address","timestamp":"2021-05-30T10:02:28.132Z"}
{"level":"info","message":"path:/user/cart","timestamp":"2021-05-30T10:02:28.207Z"}
{"level":"info","message":"connected to mongodb","timestamp":"2021-05-30T10:06:34.861Z"}
{"level":"info","message":"connected to mongodb","timestamp":"2021-05-30T10:06:39.784Z"}
{"level":"info","message":"connected to mongodb","timestamp":"2021-05-30T10:07:06.604Z"}
{"level":"info","message":"connected to mongodb","timestamp":"2021-05-30T10:07:29.249Z"}
{"level":"info","message":"connected to mongodb","timestamp":"2021-05-30T10:07:39.672Z"}
{"level":"info","message":"connected to mongodb","timestamp":"2021-05-30T10:08:11.263Z"}
{"level":"info","message":"connected to mongodb","timestamp":"2021-05-30T10:08:17.369Z"}
{"level":"info","message":"connected to mongodb","timestamp":"2021-05-30T10:08:59.677Z"}
{"level":"info","message":"path:/babel/parser/lib/index.js","timestamp":"2021-05-30T10:08:59.817Z"}
{"level":"info","message":"path:/babel/parser/lib/index.js","timestamp":"2021-05-30T10:08:59.875Z"}
{"level":"info","message":"path:/babel/parser/lib/index.js","timestamp":"2021-05-30T10:08:59.925Z"}
{"level":"info","message":"path:/babel/parser/lib/index.js","timestamp":"2021-05-30T10:08:59.981Z"}
{"level":"info","message":"path:/babel/parser/lib/index.js","timestamp":"2021-05-30T10:09:00.241Z"}
{"level":"info","message":"path:/babel/parser/lib/index.js","timestamp":"2021-05-30T10:09:00.274Z"}
{"level":"info","message":"path:/babel/parser/lib/index.js","timestamp":"2021-05-30T10:09:00.328Z"}
{"level":"info","message":"path:/babel/parser/lib/index.js","timestamp":"2021-05-30T10:09:00.399Z"}
{"level":"info","message":"path:/babel/parser/lib/index.js","timestamp":"2021-05-30T10:09:00.486Z"}
{"level":"info","message":"path:/babel/parser/lib/index.js","timestamp":"2021-05-30T10:09:00.559Z"}
{"level":"info","message":"path:/babel/parser/lib/index.js","timestamp":"2021-05-30T10:09:00.615Z"}
{"level":"info","message":"path:/babel/parser/lib/index.js","timestamp":"2021-05-30T10:09:00.846Z"}
{"level":"info","message":"path:/babel/parser/lib/index.js","timestamp":"2021-05-30T10:09:00.927Z"}
{"level":"info","message":"path:/babel/parser/lib/index.js","timestamp":"2021-05-30T10:09:01.598Z"}
{"level":"info","message":"path:/babel/parser/lib/index.js","timestamp":"2021-05-30T10:09:01.645Z"}
{"level":"info","message":"path:/babel/parser/lib/index.js","timestamp":"2021-05-30T10:09:01.774Z"}
{"level":"info","message":"path:/babel/parser/lib/index.js","timestamp":"2021-05-30T10:09:01.845Z"}
{"level":"info","message":"path:/babel/parser/lib/index.js","timestamp":"2021-05-30T10:09:01.898Z"}
{"level":"info","message":"path:/babel/parser/lib/index.js","timestamp":"2021-05-30T10:09:01.930Z"}
{"level":"info","message":"path:/babel/parser/lib/index.js","timestamp":"2021-05-30T10:09:02.164Z"}
{"level":"info","message":"path:/babel/parser/lib/index.js","timestamp":"2021-05-30T10:09:02.262Z"}
{"level":"info","message":"path:/babel/parser/lib/index.js","timestamp":"2021-05-30T10:09:02.283Z"}
{"level":"info","message":"path:/babel/parser/lib/index.js","timestamp":"2021-05-30T10:09:02.311Z"}
{"level":"info","message":"path:/babel/parser/lib/index.js","timestamp":"2021-05-30T10:09:02.343Z"}
{"level":"info","message":"path:/user/status","timestamp":"2021-05-30T10:09:05.832Z"}
{"level":"info","message":"path:/user/cart","timestamp":"2021-05-30T10:09:05.841Z"}
{"level":"info","message":"path:/product","timestamp":"2021-05-30T10:09:05.860Z"}
{"level":"info","message":"path:/gallery","timestamp":"2021-05-30T10:09:05.870Z"}
{"level":"info","message":"path:/user/account/address","timestamp":"2021-05-30T10:09:05.894Z"}
{"level":"info","message":"path:/user/cart","timestamp":"2021-05-30T10:09:06.599Z"}
{"level":"info","message":"path:/user/status","timestamp":"2021-05-30T10:09:09.443Z"}
{"level":"info","message":"path:/user/cart","timestamp":"2021-05-30T10:09:09.501Z"}
{"level":"info","message":"path:/product","timestamp":"2021-05-30T10:09:09.506Z"}
{"level":"info","message":"path:/gallery","timestamp":"2021-05-30T10:09:09.510Z"}
{"level":"info","message":"path:/user/account/address","timestamp":"2021-05-30T10:09:09.514Z"}
{"level":"info","message":"path:/user/cart","timestamp":"2021-05-30T10:09:10.161Z"}
{"level":"info","message":"path:/user/status","timestamp":"2021-05-30T10:09:24.238Z"}
{"level":"info","message":"path:/user/cart","timestamp":"2021-05-30T10:09:24.241Z"}
{"level":"info","message":"path:/product","timestamp":"2021-05-30T10:09:24.247Z"}
{"level":"info","message":"path:/gallery","timestamp":"2021-05-30T10:09:24.270Z"}
{"level":"info","message":"path:/user/account/address","timestamp":"2021-05-30T10:09:26.580Z"}
{"level":"info","message":"path:/user/cart","timestamp":"2021-05-30T10:09:26.622Z"}
{"level":"info","message":"connected to mongodb","timestamp":"2021-05-30T10:16:09.025Z"}
{"level":"info","message":"connected to mongodb","timestamp":"2021-05-30T10:16:46.700Z"}
{"level":"info","message":"connected to mongodb","timestamp":"2021-05-30T10:17:03.914Z"}
{"level":"info","message":"path:/babel/parser/lib/index.js","timestamp":"2021-05-30T10:17:07.618Z"}
{"level":"info","message":"path:/babel/parser/lib/index.js","timestamp":"2021-05-30T10:17:12.035Z"}
{"level":"info","message":"path:/babel/parser/lib/index.js","timestamp":"2021-05-30T10:17:16.418Z"}
{"level":"info","message":"path:/user/status","timestamp":"2021-05-30T10:17:21.933Z"}
{"level":"info","message":"path:/user/cart","timestamp":"2021-05-30T10:17:21.942Z"}
{"level":"info","message":"path:/product","timestamp":"2021-05-30T10:17:23.628Z"}
{"level":"info","message":"path:/gallery","timestamp":"2021-05-30T10:17:23.654Z"}
{"level":"info","message":"path:/user/account/address","timestamp":"2021-05-30T10:17:24.274Z"}
{"level":"info","message":"path:/user/cart","timestamp":"2021-05-30T10:17:24.352Z"}
{"level":"info","message":"path:/user/status","timestamp":"2021-05-30T10:17:54.974Z"}
{"level":"info","message":"path:/user/cart","timestamp":"2021-05-30T10:17:54.977Z"}
{"level":"info","message":"path:/product","timestamp":"2021-05-30T10:17:54.985Z"}
{"level":"info","message":"path:/gallery","timestamp":"2021-05-30T10:17:55.028Z"}
{"level":"info","message":"path:/user/account/address","timestamp":"2021-05-30T10:17:57.298Z"}
{"level":"info","message":"path:/user/cart","timestamp":"2021-05-30T10:17:57.341Z"}
{"level":"info","message":"connected to mongodb","timestamp":"2021-05-30T10:18:50.642Z"}
{"level":"info","message":"connected to mongodb","timestamp":"2021-05-30T10:18:59.717Z"}
{"level":"info","message":"connected to mongodb","timestamp":"2021-05-30T10:19:31.697Z"}
{"level":"info","message":"path:/user/status","timestamp":"2021-05-30T10:19:56.059Z"}
{"level":"info","message":"path:/user/cart","timestamp":"2021-05-30T10:19:56.090Z"}
{"level":"info","message":"path:/product","timestamp":"2021-05-30T10:19:56.127Z"}
{"level":"info","message":"path:/gallery","timestamp":"2021-05-30T10:19:56.133Z"}
{"level":"info","message":"path:/user/account/address","timestamp":"2021-05-30T10:19:56.148Z"}
{"level":"info","message":"path:/user/cart","timestamp":"2021-05-30T10:19:56.555Z"}
{"level":"info","message":"path:/user/status","timestamp":"2021-05-30T10:20:05.551Z"}
{"level":"info","message":"path:/user/cart","timestamp":"2021-05-30T10:20:05.553Z"}
{"level":"info","message":"path:/product","timestamp":"2021-05-30T10:20:05.774Z"}
{"level":"info","message":"path:/gallery","timestamp":"2021-05-30T10:20:05.778Z"}
{"level":"info","message":"path:/user/account/address","timestamp":"2021-05-30T10:20:05.813Z"}
{"level":"info","message":"path:/user/cart","timestamp":"2021-05-30T10:20:05.860Z"}
{"level":"info","message":"path:/user/status","timestamp":"2021-05-30T10:20:25.372Z"}
{"level":"info","message":"path:/user/cart","timestamp":"2021-05-30T10:20:25.374Z"}
{"level":"info","message":"path:/product","timestamp":"2021-05-30T10:20:25.599Z"}
{"level":"info","message":"path:/gallery","timestamp":"2021-05-30T10:20:25.602Z"}
{"level":"info","message":"path:/user/account/address","timestamp":"2021-05-30T10:20:25.630Z"}
{"level":"info","message":"path:/user/cart","timestamp":"2021-05-30T10:20:25.680Z"}
{"level":"info","message":"connected to mongodb","timestamp":"2021-05-30T10:20:52.260Z"}
{"level":"info","message":"path:/user/status","timestamp":"2021-05-30T10:21:02.357Z"}
{"level":"info","message":"path:/user/cart","timestamp":"2021-05-30T10:21:02.577Z"}
{"level":"info","message":"path:/product","timestamp":"2021-05-30T10:21:02.600Z"}
{"level":"info","message":"path:/gallery","timestamp":"2021-05-30T10:21:02.609Z"}
{"level":"info","message":"path:/user/account/address","timestamp":"2021-05-30T10:21:02.614Z"}
{"level":"info","message":"path:/user/cart","timestamp":"2021-05-30T10:21:03.354Z"}
{"level":"info","message":"connected to mongodb","timestamp":"2021-05-30T10:22:03.828Z"}
{"level":"info","message":"path:/user/status","timestamp":"2021-05-30T10:22:07.244Z"}
{"level":"info","message":"path:/user/cart","timestamp":"2021-05-30T10:22:07.269Z"}
{"level":"info","message":"path:/product","timestamp":"2021-05-30T10:22:07.479Z"}
{"level":"info","message":"path:/gallery","timestamp":"2021-05-30T10:22:07.489Z"}
{"level":"info","message":"path:/user/account/address","timestamp":"2021-05-30T10:22:07.494Z"}
{"level":"info","message":"path:/user/cart","timestamp":"2021-05-30T10:22:07.640Z"}
{"level":"info","message":"path:/user/status","timestamp":"2021-05-30T10:22:17.955Z"}
{"level":"info","message":"path:/user/cart","timestamp":"2021-05-30T10:22:17.958Z"}
{"level":"info","message":"path:/product","timestamp":"2021-05-30T10:22:18.193Z"}
{"level":"info","message":"path:/gallery","timestamp":"2021-05-30T10:22:18.249Z"}
{"level":"info","message":"path:/user/account/address","timestamp":"2021-05-30T10:22:18.259Z"}
{"level":"info","message":"path:/user/cart","timestamp":"2021-05-30T10:22:18.308Z"}
{"level":"info","message":"path:/user/status","timestamp":"2021-05-30T10:22:47.279Z"}
{"level":"info","message":"path:/user/cart","timestamp":"2021-05-30T10:22:47.418Z"}
{"level":"info","message":"path:/product","timestamp":"2021-05-30T10:22:47.499Z"}
{"level":"info","message":"path:/gallery","timestamp":"2021-05-30T10:22:47.502Z"}
{"level":"info","message":"path:/user/account/address","timestamp":"2021-05-30T10:22:47.504Z"}
{"level":"info","message":"path:/user/cart","timestamp":"2021-05-30T10:22:48.136Z"}
{"level":"info","message":"connected to mongodb","timestamp":"2021-05-30T10:27:10.121Z"}
{"level":"info","message":"connected to mongodb","timestamp":"2021-05-30T10:27:25.476Z"}
{"level":"info","message":"connected to mongodb","timestamp":"2021-05-30T10:27:52.600Z"}
{"level":"info","message":"connected to mongodb","timestamp":"2021-05-30T10:28:00.702Z"}
{"level":"info","message":"path:/user/cart","timestamp":"2021-05-30T10:28:14.580Z"}
{"level":"info","message":"path:/user/status","timestamp":"2021-05-30T10:28:14.604Z"}
{"level":"info","message":"path:/product","timestamp":"2021-05-30T10:28:14.833Z"}
{"level":"info","message":"path:/gallery","timestamp":"2021-05-30T10:28:14.895Z"}
{"level":"info","message":"path:/user/account/address","timestamp":"2021-05-30T10:28:14.904Z"}
{"level":"info","message":"path:/user/cart","timestamp":"2021-05-30T10:28:14.992Z"}
{"level":"info","message":"path:/user/cart","timestamp":"2021-05-30T10:28:20.104Z"}
{"level":"info","message":"path:/user/status","timestamp":"2021-05-30T10:28:20.108Z"}
{"level":"info","message":"path:/product","timestamp":"2021-05-30T10:28:20.356Z"}
{"level":"info","message":"path:/gallery","timestamp":"2021-05-30T10:28:20.360Z"}
{"level":"info","message":"path:/user/account/address","timestamp":"2021-05-30T10:28:20.397Z"}
{"level":"info","message":"path:/user/cart","timestamp":"2021-05-30T10:28:20.439Z"}
{"level":"info","message":"path:/user/status","timestamp":"2021-05-30T10:28:35.520Z"}
{"level":"info","message":"path:/product","timestamp":"2021-05-30T10:28:35.523Z"}
{"level":"info","message":"path:/user/cart","timestamp":"2021-05-30T10:28:35.526Z"}
{"level":"info","message":"path:/gallery","timestamp":"2021-05-30T10:28:35.542Z"}
{"level":"info","message":"path:/user/account/address","timestamp":"2021-05-30T10:28:37.860Z"}
{"level":"info","message":"path:/user/cart","timestamp":"2021-05-30T10:28:37.906Z"}
{"level":"info","message":"connected to mongodb","timestamp":"2021-05-30T10:30:33.999Z"}
{"level":"info","message":"connected to mongodb","timestamp":"2021-05-30T10:30:39.733Z"}
{"level":"info","message":"path:/babel/parser/lib/index.js","timestamp":"2021-05-30T10:30:42.973Z"}
{"level":"info","message":"connected to mongodb","timestamp":"2021-05-30T10:31:53.914Z"}
{"level":"info","message":"path:/babel/parser/lib/index.js","timestamp":"2021-05-30T10:31:54.947Z"}
{"level":"info","message":"path:/user/status","timestamp":"2021-05-30T10:31:59.706Z"}
{"level":"info","message":"path:/product","timestamp":"2021-05-30T10:31:59.719Z"}
{"level":"info","message":"path:/user/cart","timestamp":"2021-05-30T10:31:59.732Z"}
{"level":"info","message":"path:/gallery","timestamp":"2021-05-30T10:32:01.409Z"}
{"level":"info","message":"path:/user/account/address","timestamp":"2021-05-30T10:32:02.046Z"}
{"level":"info","message":"path:/user/cart","timestamp":"2021-05-30T10:32:02.125Z"}
{"level":"info","message":"path:/user/status","timestamp":"2021-05-30T10:32:16.968Z"}
{"level":"info","message":"path:/user/cart","timestamp":"2021-05-30T10:32:17.116Z"}
{"level":"info","message":"path:/product","timestamp":"2021-05-30T10:32:17.272Z"}
{"level":"info","message":"path:/gallery","timestamp":"2021-05-30T10:32:17.275Z"}
{"level":"info","message":"path:/user/account/address","timestamp":"2021-05-30T10:32:19.017Z"}
{"level":"info","message":"path:/user/cart","timestamp":"2021-05-30T10:32:19.491Z"}
{"level":"info","message":"connected to mongodb","timestamp":"2021-05-30T10:32:40.953Z"}
{"level":"info","message":"connected to mongodb","timestamp":"2021-05-30T10:32:49.730Z"}
{"level":"info","message":"path:/user/status","timestamp":"2021-05-30T10:32:53.719Z"}
{"level":"info","message":"path:/user/cart","timestamp":"2021-05-30T10:32:53.731Z"}
{"level":"info","message":"path:/product","timestamp":"2021-05-30T10:32:54.038Z"}
{"level":"info","message":"path:/gallery","timestamp":"2021-05-30T10:32:54.054Z"}
{"level":"info","message":"path:/user/account/address","timestamp":"2021-05-30T10:32:56.138Z"}
{"level":"info","message":"path:/user/cart","timestamp":"2021-05-30T10:32:56.208Z"}
{"level":"info","message":"connected to mongodb","timestamp":"2021-05-30T10:33:10.980Z"}
{"level":"info","message":"connected to mongodb","timestamp":"2021-05-30T10:33:19.145Z"}
{"level":"info","message":"connected to mongodb","timestamp":"2021-05-30T10:33:26.635Z"}
{"level":"info","message":"path:/user/status","timestamp":"2021-05-30T10:33:29.838Z"}
{"level":"info","message":"path:/user/cart","timestamp":"2021-05-30T10:33:29.850Z"}
{"level":"info","message":"path:/product","timestamp":"2021-05-30T10:33:29.861Z"}
{"level":"info","message":"path:/gallery","timestamp":"2021-05-30T10:33:30.141Z"}
{"level":"info","message":"path:/user/account/address","timestamp":"2021-05-30T10:33:32.200Z"}
{"level":"info","message":"path:/user/cart","timestamp":"2021-05-30T10:33:32.317Z"}
{"level":"info","message":"path:/user/status","timestamp":"2021-05-30T10:33:40.996Z"}
{"level":"info","message":"path:/user/cart","timestamp":"2021-05-30T10:33:41.193Z"}
{"level":"info","message":"path:/product","timestamp":"2021-05-30T10:33:41.302Z"}
{"level":"info","message":"path:/gallery","timestamp":"2021-05-30T10:33:41.305Z"}
{"level":"info","message":"path:/user/account/address","timestamp":"2021-05-30T10:33:43.022Z"}
{"level":"info","message":"path:/user/cart","timestamp":"2021-05-30T10:33:43.581Z"}
{"level":"info","message":"connected to mongodb","timestamp":"2021-05-30T10:33:53.023Z"}
{"level":"info","message":"path:/user/status","timestamp":"2021-05-30T10:33:54.977Z"}
{"level":"info","message":"path:/user/cart","timestamp":"2021-05-30T10:33:54.995Z"}
{"level":"info","message":"path:/product","timestamp":"2021-05-30T10:33:55.296Z"}
{"level":"info","message":"path:/gallery","timestamp":"2021-05-30T10:33:55.307Z"}
{"level":"info","message":"path:/user/account/address","timestamp":"2021-05-30T10:33:57.327Z"}
{"level":"info","message":"path:/user/cart","timestamp":"2021-05-30T10:33:57.401Z"}
{"level":"info","message":"connected to mongodb","timestamp":"2021-05-30T10:39:36.720Z"}
{"level":"info","message":"connected to mongodb","timestamp":"2021-05-30T10:39:46.861Z"}
{"level":"info","message":"path:/user/status","timestamp":"2021-05-30T10:40:27.584Z"}
{"level":"info","message":"path:/user/cart","timestamp":"2021-05-30T10:40:27.606Z"}
{"level":"info","message":"path:/product","timestamp":"2021-05-30T10:40:27.696Z"}
{"level":"info","message":"path:/gallery","timestamp":"2021-05-30T10:40:27.704Z"}
{"level":"info","message":"path:/user/account/address","timestamp":"2021-05-30T10:40:29.613Z"}
{"level":"info","message":"path:/user/cart","timestamp":"2021-05-30T10:40:29.884Z"}
{"level":"info","message":"connected to mongodb","timestamp":"2021-05-30T10:41:11.356Z"}
{"level":"info","message":"path:/user/status","timestamp":"2021-05-30T10:41:40.780Z"}
{"level":"info","message":"path:/user/cart","timestamp":"2021-05-30T10:41:40.792Z"}
{"level":"info","message":"path:/product","timestamp":"2021-05-30T10:41:40.822Z"}
{"level":"info","message":"path:/gallery","timestamp":"2021-05-30T10:41:40.872Z"}
{"level":"info","message":"path:/user/account/address","timestamp":"2021-05-30T10:41:42.804Z"}
{"level":"info","message":"path:/user/cart","timestamp":"2021-05-30T10:41:42.917Z"}
{"level":"info","message":"connected to mongodb","timestamp":"2021-05-30T10:44:01.737Z"}
{"level":"info","message":"connected to mongodb","timestamp":"2021-05-30T10:44:08.793Z"}
{"level":"info","message":"path:/user/status","timestamp":"2021-05-30T10:44:17.112Z"}
{"level":"info","message":"path:/user/cart","timestamp":"2021-05-30T10:44:17.130Z"}
{"level":"info","message":"path:/product","timestamp":"2021-05-30T10:44:17.414Z"}
{"level":"info","message":"path:/gallery","timestamp":"2021-05-30T10:44:17.423Z"}
{"level":"info","message":"path:/user/account/address","timestamp":"2021-05-30T10:44:19.446Z"}
{"level":"info","message":"path:/user/cart","timestamp":"2021-05-30T10:44:19.546Z"}
{"level":"info","message":"connected to mongodb","timestamp":"2021-05-30T10:44:27.847Z"}
{"level":"info","message":"path:/user/status","timestamp":"2021-05-30T10:45:03.232Z"}
{"level":"info","message":"path:/user/cart","timestamp":"2021-05-30T10:45:03.244Z"}
{"level":"info","message":"path:/product","timestamp":"2021-05-30T10:45:03.552Z"}
{"level":"info","message":"path:/gallery","timestamp":"2021-05-30T10:45:03.560Z"}
{"level":"info","message":"path:/user/account/address","timestamp":"2021-05-30T10:45:05.589Z"}
{"level":"info","message":"path:/user/cart","timestamp":"2021-05-30T10:45:05.624Z"}
{"level":"info","message":"connected to mongodb","timestamp":"2021-05-30T10:46:02.656Z"}
{"level":"info","message":"connected to mongodb","timestamp":"2021-05-30T10:46:07.045Z"}
{"level":"info","message":"connected to mongodb","timestamp":"2021-05-30T10:46:11.801Z"}
{"level":"info","message":"path:/user/status","timestamp":"2021-05-30T10:46:18.100Z"}
{"level":"info","message":"path:/user/cart","timestamp":"2021-05-30T10:46:18.118Z"}
{"level":"info","message":"path:/product","timestamp":"2021-05-30T10:46:18.141Z"}
{"level":"info","message":"path:/gallery","timestamp":"2021-05-30T10:46:19.797Z"}
{"level":"info","message":"path:/user/account/address","timestamp":"2021-05-30T10:46:20.209Z"}
{"level":"info","message":"path:/user/cart","timestamp":"2021-05-30T10:46:20.266Z"}
{"level":"info","message":"path:/user/status","timestamp":"2021-05-30T10:46:31.515Z"}
{"level":"info","message":"path:/user/cart","timestamp":"2021-05-30T10:46:31.519Z"}
{"level":"info","message":"path:/product","timestamp":"2021-05-30T10:46:31.529Z"}
{"level":"info","message":"path:/gallery","timestamp":"2021-05-30T10:46:31.567Z"}
{"level":"info","message":"path:/user/account/address","timestamp":"2021-05-30T10:46:32.367Z"}
{"level":"info","message":"path:/user/cart","timestamp":"2021-05-30T10:46:32.387Z"}
{"level":"info","message":"path:/user/status","timestamp":"2021-05-30T10:47:32.814Z"}
{"level":"info","message":"path:/user/cart","timestamp":"2021-05-30T10:47:32.817Z"}
{"level":"info","message":"path:/product","timestamp":"2021-05-30T10:47:32.824Z"}
{"level":"info","message":"path:/gallery","timestamp":"2021-05-30T10:47:32.882Z"}
{"level":"info","message":"path:/user/account/address","timestamp":"2021-05-30T10:47:33.671Z"}
{"level":"info","message":"path:/user/cart","timestamp":"2021-05-30T10:47:33.683Z"}
{"level":"info","message":"path:/user/status","timestamp":"2021-05-30T10:47:40.245Z"}
{"level":"info","message":"path:/user/cart","timestamp":"2021-05-30T10:47:40.346Z"}
{"level":"info","message":"path:/product","timestamp":"2021-05-30T10:47:40.348Z"}
{"level":"info","message":"path:/gallery","timestamp":"2021-05-30T10:47:40.359Z"}
{"level":"info","message":"path:/user/account/address","timestamp":"2021-05-30T10:47:41.128Z"}
{"level":"info","message":"path:/user/cart","timestamp":"2021-05-30T10:47:41.203Z"}
{"level":"info","message":"path:/user/status","timestamp":"2021-05-30T10:50:00.061Z"}
{"level":"info","message":"path:/user/cart","timestamp":"2021-05-30T10:50:00.066Z"}
{"level":"info","message":"path:/product","timestamp":"2021-05-30T10:50:00.070Z"}
{"level":"info","message":"path:/gallery","timestamp":"2021-05-30T10:50:00.314Z"}
{"level":"info","message":"path:/user/account/address","timestamp":"2021-05-30T10:50:00.375Z"}
{"level":"info","message":"path:/user/cart","timestamp":"2021-05-30T10:50:00.430Z"}
{"level":"info","message":"connected to mongodb","timestamp":"2021-05-30T10:52:14.352Z"}
{"level":"info","message":"path:/user/status","timestamp":"2021-05-30T10:52:27.453Z"}
{"level":"info","message":"path:/user/cart","timestamp":"2021-05-30T10:52:27.472Z"}
{"level":"info","message":"path:/product","timestamp":"2021-05-30T10:52:27.495Z"}
{"level":"info","message":"path:/gallery","timestamp":"2021-05-30T10:52:27.809Z"}
{"level":"info","message":"path:/user/account/address","timestamp":"2021-05-30T10:52:27.819Z"}
{"level":"info","message":"path:/user/cart","timestamp":"2021-05-30T10:52:27.846Z"}
{"level":"info","message":"path:/user/status","timestamp":"2021-05-30T10:52:39.827Z"}
{"level":"info","message":"path:/user/cart","timestamp":"2021-05-30T10:52:39.829Z"}
{"level":"info","message":"path:/product","timestamp":"2021-05-30T10:52:39.831Z"}
{"level":"info","message":"path:/gallery","timestamp":"2021-05-30T10:52:39.833Z"}
{"level":"info","message":"path:/user/status","timestamp":"2021-05-30T10:56:27.946Z"}
{"level":"info","message":"path:/user/cart","timestamp":"2021-05-30T10:56:27.954Z"}
{"level":"info","message":"path:/product","timestamp":"2021-05-30T10:56:28.032Z"}
{"level":"info","message":"path:/gallery","timestamp":"2021-05-30T10:56:28.035Z"}
{"level":"info","message":"path:/user/status","timestamp":"2021-05-30T10:57:14.850Z"}
{"level":"info","message":"path:/user/cart","timestamp":"2021-05-30T10:57:14.851Z"}
{"level":"info","message":"path:/product","timestamp":"2021-05-30T10:57:14.852Z"}
{"level":"info","message":"path:/gallery","timestamp":"2021-05-30T10:57:14.853Z"}
{"level":"info","message":"path:/user/status","timestamp":"2021-05-30T11:09:48.065Z"}
{"level":"info","message":"path:/user/cart","timestamp":"2021-05-30T11:09:48.067Z"}
{"level":"info","message":"path:/product","timestamp":"2021-05-30T11:09:48.202Z"}
{"level":"info","message":"path:/gallery","timestamp":"2021-05-30T11:09:48.327Z"}
{"level":"info","message":"path:/user/account/address","timestamp":"2021-05-30T11:09:48.330Z"}
{"level":"info","message":"path:/user/cart","timestamp":"2021-05-30T11:09:48.346Z"}
{"level":"info","message":"connected to mongodb","timestamp":"2021-05-30T11:18:59.607Z"}
{"level":"info","message":"connected to mongodb","timestamp":"2021-05-30T11:19:03.692Z"}
{"level":"info","message":"path:/babel/parser/lib/index.js","timestamp":"2021-05-30T11:19:04.113Z"}
{"level":"info","message":"connected to mongodb","timestamp":"2021-05-30T11:19:08.612Z"}
{"level":"info","message":"connected to mongodb","timestamp":"2021-05-30T11:19:21.664Z"}
{"level":"info","message":"connected to mongodb","timestamp":"2021-05-30T11:19:40.089Z"}
{"level":"info","message":"connected to mongodb","timestamp":"2021-05-30T11:19:50.940Z"}
{"level":"info","message":"connected to mongodb","timestamp":"2021-05-30T11:20:02.373Z"}
{"level":"info","message":"connected to mongodb","timestamp":"2021-05-30T11:20:19.283Z"}
{"level":"info","message":"connected to mongodb","timestamp":"2021-05-30T11:20:41.615Z"}
{"level":"info","message":"connected to mongodb","timestamp":"2021-05-30T11:20:54.012Z"}
{"level":"info","message":"path:/babel/parser/lib/index.js","timestamp":"2021-05-30T11:20:54.023Z"}
{"level":"info","message":"path:/babel/parser/lib/index.js","timestamp":"2021-05-30T11:20:55.196Z"}
{"level":"info","message":"connected to mongodb","timestamp":"2021-05-30T11:21:08.793Z"}
{"level":"info","message":"path:/babel/parser/lib/index.js","timestamp":"2021-05-30T11:21:09.597Z"}
{"level":"info","message":"path:/babel/parser/lib/index.js","timestamp":"2021-05-30T11:21:10.870Z"}
{"level":"info","message":"path:/babel/parser/lib/index.js","timestamp":"2021-05-30T11:21:12.115Z"}
{"level":"info","message":"path:/babel/parser/lib/index.js","timestamp":"2021-05-30T11:21:13.394Z"}
{"level":"info","message":"connected to mongodb","timestamp":"2021-05-30T11:21:17.511Z"}
{"level":"info","message":"connected to mongodb","timestamp":"2021-05-30T11:21:26.455Z"}
{"level":"info","message":"path:/user/status","timestamp":"2021-05-30T11:21:31.104Z"}
{"level":"info","message":"path:/user/cart","timestamp":"2021-05-30T11:21:31.189Z"}
{"level":"info","message":"path:/product","timestamp":"2021-05-30T11:21:32.019Z"}
{"level":"info","message":"path:/gallery","timestamp":"2021-05-30T11:21:32.132Z"}
{"level":"info","message":"connected to mongodb","timestamp":"2021-05-30T11:21:40.356Z"}
{"level":"info","message":"connected to mongodb","timestamp":"2021-05-30T11:21:45.430Z"}
{"level":"info","message":"connected to mongodb","timestamp":"2021-05-30T11:22:06.360Z"}
{"level":"info","message":"connected to mongodb","timestamp":"2021-05-30T11:22:14.986Z"}
{"level":"info","message":"path:/user/status","timestamp":"2021-05-30T11:22:24.580Z"}
{"level":"info","message":"path:/user/cart","timestamp":"2021-05-30T11:22:24.589Z"}
{"level":"info","message":"path:/product","timestamp":"2021-05-30T11:22:24.599Z"}
{"level":"info","message":"path:/gallery","timestamp":"2021-05-30T11:22:24.606Z"}
{"level":"info","message":"path:/user/status","timestamp":"2021-05-30T11:23:38.208Z"}
{"level":"info","message":"path:/user/cart","timestamp":"2021-05-30T11:23:38.209Z"}
{"level":"info","message":"path:/product","timestamp":"2021-05-30T11:23:38.210Z"}
{"level":"info","message":"path:/gallery","timestamp":"2021-05-30T11:23:38.213Z"}
{"level":"info","message":"connected to mongodb","timestamp":"2021-05-30T11:24:54.267Z"}
{"level":"info","message":"path:/user/status","timestamp":"2021-05-30T11:25:06.265Z"}
{"level":"info","message":"path:/user/cart","timestamp":"2021-05-30T11:25:06.279Z"}
{"level":"info","message":"path:/product","timestamp":"2021-05-30T11:25:06.327Z"}
{"level":"info","message":"path:/gallery","timestamp":"2021-05-30T11:25:06.333Z"}
{"level":"info","message":"path:/user/status","timestamp":"2021-05-30T11:25:52.993Z"}
{"level":"info","message":"path:/user/cart","timestamp":"2021-05-30T11:25:52.998Z"}
{"level":"info","message":"path:/product","timestamp":"2021-05-30T11:25:53.043Z"}
{"level":"info","message":"path:/gallery","timestamp":"2021-05-30T11:25:53.047Z"}
{"level":"info","message":"connected to mongodb","timestamp":"2021-05-30T11:26:55.389Z"}
{"level":"info","message":"path:/babel/parser/lib/index.js","timestamp":"2021-05-30T11:26:56.815Z"}
{"level":"info","message":"connected to mongodb","timestamp":"2021-05-30T11:27:28.756Z"}
{"level":"info","message":"path:/user/status","timestamp":"2021-05-30T11:27:29.709Z"}
{"level":"info","message":"path:/user/cart","timestamp":"2021-05-30T11:27:29.726Z"}
{"level":"info","message":"path:/product","timestamp":"2021-05-30T11:27:29.904Z"}
{"level":"info","message":"path:/gallery","timestamp":"2021-05-30T11:27:29.917Z"}
{"level":"info","message":"connected to mongodb","timestamp":"2021-05-30T11:28:29.352Z"}
{"level":"info","message":"connected to mongodb","timestamp":"2021-05-30T11:28:47.061Z"}
{"level":"info","message":"connected to mongodb","timestamp":"2021-05-30T11:29:08.062Z"}
{"level":"info","message":"path:/user/status","timestamp":"2021-05-30T11:29:46.848Z"}
{"level":"info","message":"path:/user/cart","timestamp":"2021-05-30T11:29:46.860Z"}
{"level":"info","message":"path:/product","timestamp":"2021-05-30T11:29:46.888Z"}
{"level":"info","message":"path:/gallery","timestamp":"2021-05-30T11:29:46.897Z"}
{"level":"info","message":"path:/user/status","timestamp":"2021-05-30T11:30:40.040Z"}
{"level":"info","message":"path:/user/cart","timestamp":"2021-05-30T11:30:40.042Z"}
{"level":"info","message":"path:/product","timestamp":"2021-05-30T11:30:40.047Z"}
{"level":"info","message":"path:/gallery","timestamp":"2021-05-30T11:30:40.288Z"}
{"level":"info","message":"connected to mongodb","timestamp":"2021-05-30T11:31:08.473Z"}
{"level":"info","message":"connected to mongodb","timestamp":"2021-05-30T11:31:17.684Z"}
{"level":"info","message":"connected to mongodb","timestamp":"2021-05-30T11:31:36.696Z"}
{"level":"info","message":"path:/user/status","timestamp":"2021-05-30T11:32:02.645Z"}
{"level":"info","message":"path:/user/cart","timestamp":"2021-05-30T11:32:02.683Z"}
{"level":"info","message":"path:/product","timestamp":"2021-05-30T11:32:02.710Z"}
{"level":"info","message":"path:/gallery","timestamp":"2021-05-30T11:32:02.728Z"}
{"level":"info","message":"connected to mongodb","timestamp":"2021-05-30T11:32:50.792Z"}
{"level":"info","message":"path:/babel/parser/lib/index.js","timestamp":"2021-05-30T11:32:51.570Z"}
{"level":"info","message":"path:/user/status","timestamp":"2021-05-30T11:33:23.968Z"}
{"level":"info","message":"path:/user/cart","timestamp":"2021-05-30T11:33:23.977Z"}
{"level":"info","message":"path:/product","timestamp":"2021-05-30T11:33:24.029Z"}
{"level":"info","message":"path:/gallery","timestamp":"2021-05-30T11:33:24.057Z"}
{"level":"info","message":"connected to mongodb","timestamp":"2021-05-30T11:34:28.266Z"}
{"level":"info","message":"connected to mongodb","timestamp":"2021-05-30T11:34:37.685Z"}
{"level":"info","message":"connected to mongodb","timestamp":"2021-05-30T11:34:47.295Z"}
{"level":"info","message":"path:/babel/parser/lib/index.js","timestamp":"2021-05-30T11:34:52.015Z"}
{"level":"info","message":"path:/user/status","timestamp":"2021-05-30T11:35:27.600Z"}
{"level":"info","message":"path:/user/cart","timestamp":"2021-05-30T11:35:27.612Z"}
{"level":"info","message":"path:/product","timestamp":"2021-05-30T11:35:27.703Z"}
{"level":"info","message":"path:/gallery","timestamp":"2021-05-30T11:35:27.722Z"}
{"level":"info","message":"path:/user/status","timestamp":"2021-05-30T11:35:39.387Z"}
{"level":"info","message":"path:/user/cart","timestamp":"2021-05-30T11:35:39.394Z"}
{"level":"info","message":"path:/product","timestamp":"2021-05-30T11:35:39.664Z"}
{"level":"info","message":"path:/gallery","timestamp":"2021-05-30T11:35:39.708Z"}
{"level":"info","message":"path:/user/account/address","timestamp":"2021-05-30T11:35:39.722Z"}
{"level":"info","message":"path:/user/cart","timestamp":"2021-05-30T11:35:39.798Z"}
{"level":"info","message":"path:/user/status","timestamp":"2021-05-30T11:36:06.995Z"}
{"level":"info","message":"path:/user/cart","timestamp":"2021-05-30T11:36:06.998Z"}
{"level":"info","message":"path:/product","timestamp":"2021-05-30T11:36:07.072Z"}
{"level":"info","message":"path:/gallery","timestamp":"2021-05-30T11:36:07.075Z"}
{"level":"info","message":"path:/user/account/address","timestamp":"2021-05-30T11:36:07.865Z"}
{"level":"info","message":"path:/user/cart","timestamp":"2021-05-30T11:36:07.881Z"}
{"level":"info","message":"path:/user/status","timestamp":"2021-05-30T11:36:59.555Z"}
{"level":"info","message":"path:/user/cart","timestamp":"2021-05-30T11:36:59.562Z"}
{"level":"info","message":"path:/product","timestamp":"2021-05-30T11:36:59.635Z"}
{"level":"info","message":"path:/gallery","timestamp":"2021-05-30T11:36:59.638Z"}
{"level":"info","message":"path:/user/account/address","timestamp":"2021-05-30T11:37:01.929Z"}
{"level":"info","message":"path:/user/cart","timestamp":"2021-05-30T11:37:01.962Z"}
{"level":"info","message":"path:/user/status","timestamp":"2021-05-30T11:38:40.298Z"}
{"level":"info","message":"path:/user/cart","timestamp":"2021-05-30T11:38:40.395Z"}
{"level":"info","message":"path:/product","timestamp":"2021-05-30T11:38:40.399Z"}
{"level":"info","message":"path:/gallery","timestamp":"2021-05-30T11:38:40.401Z"}
{"level":"info","message":"path:/user/account/address","timestamp":"2021-05-30T11:38:40.403Z"}
{"level":"info","message":"path:/user/cart","timestamp":"2021-05-30T11:38:40.691Z"}
{"level":"info","message":"path:/user/status","timestamp":"2021-05-30T11:38:42.864Z"}
{"level":"info","message":"path:/user/cart","timestamp":"2021-05-30T11:38:42.867Z"}
{"level":"info","message":"path:/product","timestamp":"2021-05-30T11:38:42.871Z"}
{"level":"info","message":"path:/gallery","timestamp":"2021-05-30T11:38:43.098Z"}
{"level":"info","message":"path:/user/account/address","timestamp":"2021-05-30T11:38:43.101Z"}
{"level":"info","message":"path:/user/cart","timestamp":"2021-05-30T11:38:43.504Z"}
{"level":"info","message":"path:/user/status","timestamp":"2021-05-30T11:38:51.982Z"}
{"level":"info","message":"path:/user/cart","timestamp":"2021-05-30T11:38:51.984Z"}
{"level":"info","message":"path:/product","timestamp":"2021-05-30T11:38:52.227Z"}
{"level":"info","message":"path:/gallery","timestamp":"2021-05-30T11:38:52.230Z"}
{"level":"info","message":"path:/user/account/address","timestamp":"2021-05-30T11:38:52.232Z"}
{"level":"info","message":"path:/user/cart","timestamp":"2021-05-30T11:38:52.292Z"}
{"level":"info","message":"path:/user/status","timestamp":"2021-05-30T11:39:05.073Z"}
{"level":"info","message":"path:/user/cart","timestamp":"2021-05-30T11:39:05.075Z"}
{"level":"info","message":"path:/product","timestamp":"2021-05-30T11:39:05.082Z"}
{"level":"info","message":"path:/gallery","timestamp":"2021-05-30T11:39:05.343Z"}
{"level":"info","message":"path:/user/account/address","timestamp":"2021-05-30T11:39:05.347Z"}
{"level":"info","message":"path:/user/cart","timestamp":"2021-05-30T11:39:05.374Z"}
{"level":"info","message":"path:/user/status","timestamp":"2021-05-30T11:39:12.798Z"}
{"level":"info","message":"path:/product","timestamp":"2021-05-30T11:39:12.801Z"}
{"level":"info","message":"path:/user/cart","timestamp":"2021-05-30T11:39:12.805Z"}
{"level":"info","message":"path:/user/status","timestamp":"2021-05-30T11:39:14.141Z"}
{"level":"info","message":"path:/user/cart","timestamp":"2021-05-30T11:39:14.144Z"}
{"level":"info","message":"path:/product","timestamp":"2021-05-30T11:39:14.148Z"}
{"level":"info","message":"path:/gallery","timestamp":"2021-05-30T11:39:14.151Z"}
{"level":"info","message":"path:/user/account/address","timestamp":"2021-05-30T11:39:14.186Z"}
{"level":"info","message":"path:/user/cart","timestamp":"2021-05-30T11:39:14.737Z"}
{"level":"info","message":"path:/user/status","timestamp":"2021-05-30T11:39:17.655Z"}
{"level":"info","message":"path:/user/cart","timestamp":"2021-05-30T11:39:17.658Z"}
{"level":"info","message":"path:/product","timestamp":"2021-05-30T11:39:17.775Z"}
{"level":"info","message":"path:/gallery","timestamp":"2021-05-30T11:39:17.777Z"}
{"level":"info","message":"path:/user/account/address","timestamp":"2021-05-30T11:39:17.781Z"}
{"level":"info","message":"path:/user/cart","timestamp":"2021-05-30T11:39:17.943Z"}
{"level":"info","message":"path:/user/status","timestamp":"2021-05-30T11:41:43.503Z"}
{"level":"info","message":"path:/user/cart","timestamp":"2021-05-30T11:41:43.505Z"}
{"level":"info","message":"path:/product","timestamp":"2021-05-30T11:41:43.507Z"}
{"level":"info","message":"path:/gallery","timestamp":"2021-05-30T11:41:43.509Z"}
{"level":"info","message":"path:/user/status","timestamp":"2021-05-30T11:42:05.124Z"}
{"level":"info","message":"path:/user/cart","timestamp":"2021-05-30T11:42:05.128Z"}
{"level":"info","message":"path:/product","timestamp":"2021-05-30T11:42:05.136Z"}
{"level":"info","message":"path:/gallery","timestamp":"2021-05-30T11:42:05.139Z"}
{"level":"info","message":"path:/user/status","timestamp":"2021-05-30T11:42:06.390Z"}
{"level":"info","message":"path:/user/cart","timestamp":"2021-05-30T11:42:06.395Z"}
{"level":"info","message":"path:/product","timestamp":"2021-05-30T11:42:06.400Z"}
{"level":"info","message":"path:/gallery","timestamp":"2021-05-30T11:42:06.405Z"}
{"level":"info","message":"path:/user/status","timestamp":"2021-05-30T11:42:10.221Z"}
{"level":"info","message":"path:/user/cart","timestamp":"2021-05-30T11:42:10.222Z"}
{"level":"info","message":"path:/product","timestamp":"2021-05-30T11:42:10.224Z"}
{"level":"info","message":"path:/gallery","timestamp":"2021-05-30T11:42:10.230Z"}
{"level":"info","message":"connected to mongodb","timestamp":"2021-05-30T12:19:22.844Z"}
{"level":"info","message":"path:/babel/parser/lib/index.js","timestamp":"2021-05-30T12:19:23.255Z"}
{"level":"info","message":"path:/babel/parser/lib/index.js","timestamp":"2021-05-30T12:19:23.320Z"}
{"level":"info","message":"connected to mongodb","timestamp":"2021-05-30T12:20:03.591Z"}
{"level":"info","message":"connected to mongodb","timestamp":"2021-05-30T12:20:12.581Z"}
{"level":"info","message":"connected to mongodb","timestamp":"2021-05-30T12:20:19.162Z"}
{"level":"info","message":"connected to mongodb","timestamp":"2021-05-30T12:20:25.286Z"}
{"level":"info","message":"connected to mongodb","timestamp":"2021-05-30T12:20:31.317Z"}
{"level":"info","message":"connected to mongodb","timestamp":"2021-05-30T12:20:36.253Z"}
{"level":"info","message":"connected to mongodb","timestamp":"2021-05-30T12:20:42.200Z"}
{"level":"info","message":"connected to mongodb","timestamp":"2021-05-30T12:21:02.463Z"}
{"level":"info","message":"path:/babel/parser/lib/index.js","timestamp":"2021-05-30T12:21:03.145Z"}
{"level":"info","message":"path:/user/status","timestamp":"2021-05-30T12:21:04.343Z"}
{"level":"info","message":"path:/user/cart","timestamp":"2021-05-30T12:21:04.422Z"}
{"level":"info","message":"path:/product","timestamp":"2021-05-30T12:21:04.438Z"}
{"level":"info","message":"path:/gallery","timestamp":"2021-05-30T12:21:04.445Z"}
{"level":"info","message":"path:/user/account/address","timestamp":"2021-05-30T12:21:04.467Z"}
{"level":"info","message":"path:/user/cart","timestamp":"2021-05-30T12:21:05.135Z"}
{"level":"info","message":"path:/user/status","timestamp":"2021-05-30T12:21:12.676Z"}
{"level":"info","message":"path:/user/cart","timestamp":"2021-05-30T12:21:12.680Z"}
{"level":"info","message":"path:/user/account/address","timestamp":"2021-05-30T12:21:12.923Z"}
{"level":"info","message":"path:/product","timestamp":"2021-05-30T12:21:12.926Z"}
{"level":"info","message":"path:/gallery","timestamp":"2021-05-30T12:21:12.928Z"}
{"level":"info","message":"path:/user/cart","timestamp":"2021-05-30T12:21:12.981Z"}
{"level":"info","message":"connected to mongodb","timestamp":"2021-05-30T12:21:56.940Z"}
{"level":"info","message":"connected to mongodb","timestamp":"2021-05-30T12:22:03.925Z"}
{"level":"info","message":"path:/user/status","timestamp":"2021-05-30T12:22:04.395Z"}
{"level":"info","message":"path:/user/cart","timestamp":"2021-05-30T12:22:04.414Z"}
{"level":"info","message":"path:/product","timestamp":"2021-05-30T12:22:04.432Z"}
{"level":"info","message":"path:/gallery","timestamp":"2021-05-30T12:22:04.605Z"}
{"level":"info","message":"path:/user/account/address","timestamp":"2021-05-30T12:22:04.608Z"}
{"level":"info","message":"path:/user/cart","timestamp":"2021-05-30T12:22:05.347Z"}
{"level":"info","message":"path:/user/status","timestamp":"2021-05-30T12:22:10.372Z"}
{"level":"info","message":"path:/user/cart","timestamp":"2021-05-30T12:22:10.376Z"}
{"level":"info","message":"path:/product","timestamp":"2021-05-30T12:22:10.557Z"}
{"level":"info","message":"path:/gallery","timestamp":"2021-05-30T12:22:10.560Z"}
{"level":"info","message":"path:/user/account/address","timestamp":"2021-05-30T12:22:10.563Z"}
{"level":"info","message":"path:/user/cart","timestamp":"2021-05-30T12:22:10.665Z"}
{"level":"info","message":"connected to mongodb","timestamp":"2021-05-30T12:22:23.757Z"}
{"level":"info","message":"path:/user/status","timestamp":"2021-05-30T12:22:23.990Z"}
{"level":"info","message":"path:/user/cart","timestamp":"2021-05-30T12:22:24.006Z"}
{"level":"info","message":"path:/product","timestamp":"2021-05-30T12:22:24.029Z"}
{"level":"info","message":"path:/gallery","timestamp":"2021-05-30T12:22:24.289Z"}
{"level":"info","message":"path:/user/account/address","timestamp":"2021-05-30T12:22:24.329Z"}
{"level":"info","message":"path:/user/cart","timestamp":"2021-05-30T12:22:25.062Z"}
{"level":"info","message":"path:/user/status","timestamp":"2021-05-30T12:22:29.719Z"}
{"level":"info","message":"path:/user/cart","timestamp":"2021-05-30T12:22:29.727Z"}
{"level":"info","message":"path:/product","timestamp":"2021-05-30T12:22:29.774Z"}
{"level":"info","message":"path:/gallery","timestamp":"2021-05-30T12:22:29.829Z"}
{"level":"info","message":"path:/user/account/address","timestamp":"2021-05-30T12:22:29.833Z"}
{"level":"info","message":"path:/user/cart","timestamp":"2021-05-30T12:22:30.152Z"}
{"level":"info","message":"path:/user/cart","timestamp":"2021-05-30T12:22:33.930Z"}
{"level":"info","message":"path:/user/status","timestamp":"2021-05-30T12:22:33.934Z"}
{"level":"info","message":"path:/product","timestamp":"2021-05-30T12:22:34.161Z"}
{"level":"info","message":"path:/gallery","timestamp":"2021-05-30T12:22:34.163Z"}
{"level":"info","message":"path:/user/account/address","timestamp":"2021-05-30T12:22:34.165Z"}
{"level":"info","message":"path:/user/cart","timestamp":"2021-05-30T12:22:34.216Z"}
{"level":"info","message":"connected to mongodb","timestamp":"2021-05-30T12:22:56.452Z"}
{"level":"info","message":"connected to mongodb","timestamp":"2021-05-30T12:23:19.181Z"}
{"level":"info","message":"connected to mongodb","timestamp":"2021-05-30T12:23:25.626Z"}
{"level":"info","message":"connected to mongodb","timestamp":"2021-05-30T12:23:48.874Z"}
{"level":"info","message":"connected to mongodb","timestamp":"2021-05-30T12:24:04.120Z"}
{"level":"info","message":"connected to mongodb","timestamp":"2021-05-30T12:24:14.576Z"}
{"level":"info","message":"connected to mongodb","timestamp":"2021-05-30T12:24:22.251Z"}
{"level":"info","message":"connected to mongodb","timestamp":"2021-05-30T12:24:30.640Z"}
{"level":"info","message":"path:/user/status","timestamp":"2021-05-30T12:24:37.382Z"}
{"level":"info","message":"path:/user/cart","timestamp":"2021-05-30T12:24:37.399Z"}
{"level":"info","message":"path:/product","timestamp":"2021-05-30T12:24:37.593Z"}
{"level":"info","message":"path:/gallery","timestamp":"2021-05-30T12:24:37.598Z"}
{"level":"info","message":"path:/user/account/address","timestamp":"2021-05-30T12:24:37.603Z"}
{"level":"info","message":"path:/user/cart","timestamp":"2021-05-30T12:24:37.730Z"}
{"level":"info","message":"path:/user/status","timestamp":"2021-05-30T12:24:55.869Z"}
{"level":"info","message":"path:/user/cart","timestamp":"2021-05-30T12:24:55.875Z"}
{"level":"info","message":"path:/gallery","timestamp":"2021-05-30T12:24:56.091Z"}
{"level":"info","message":"path:/product","timestamp":"2021-05-30T12:24:56.097Z"}
{"level":"info","message":"path:/user/account/address","timestamp":"2021-05-30T12:24:56.103Z"}
{"level":"info","message":"path:/user/cart","timestamp":"2021-05-30T12:24:56.163Z"}
{"level":"info","message":"connected to mongodb","timestamp":"2021-05-30T12:25:45.496Z"}
{"level":"info","message":"path:/babel/parser/lib/index.js","timestamp":"2021-05-30T12:25:45.789Z"}
{"level":"info","message":"path:/babel/parser/lib/index.js","timestamp":"2021-05-30T12:25:45.889Z"}
{"level":"info","message":"path:/babel/parser/lib/index.js","timestamp":"2021-05-30T12:25:46.889Z"}
{"level":"info","message":"path:/babel/parser/lib/index.js","timestamp":"2021-05-30T12:25:47.553Z"}
{"level":"info","message":"path:/babel/parser/lib/index.js","timestamp":"2021-05-30T12:25:47.620Z"}
{"level":"info","message":"path:/babel/parser/lib/index.js","timestamp":"2021-05-30T12:25:47.654Z"}
{"level":"info","message":"path:/babel/parser/lib/index.js","timestamp":"2021-05-30T12:25:47.882Z"}
{"level":"info","message":"path:/babel/parser/lib/index.js","timestamp":"2021-05-30T12:25:47.933Z"}
{"level":"info","message":"path:/babel/parser/lib/index.js","timestamp":"2021-05-30T12:25:47.983Z"}
{"level":"info","message":"path:/babel/parser/lib/index.js","timestamp":"2021-05-30T12:25:48.028Z"}
{"level":"info","message":"connected to mongodb","timestamp":"2021-05-30T12:26:23.690Z"}
{"level":"info","message":"connected to mongodb","timestamp":"2021-05-30T12:26:32.247Z"}
{"level":"info","message":"path:/user/status","timestamp":"2021-05-30T12:26:38.084Z"}
{"level":"info","message":"path:/user/cart","timestamp":"2021-05-30T12:26:38.100Z"}
{"level":"info","message":"path:/product","timestamp":"2021-05-30T12:26:38.293Z"}
{"level":"info","message":"path:/gallery","timestamp":"2021-05-30T12:26:38.299Z"}
{"level":"info","message":"path:/user/account/address","timestamp":"2021-05-30T12:26:38.304Z"}
{"level":"info","message":"path:/user/cart","timestamp":"2021-05-30T12:26:38.469Z"}
{"level":"info","message":"path:/user/status","timestamp":"2021-05-30T12:26:58.990Z"}
{"level":"info","message":"path:/user/cart","timestamp":"2021-05-30T12:26:58.998Z"}
{"level":"info","message":"path:/product","timestamp":"2021-05-30T12:26:59.002Z"}
{"level":"info","message":"path:/gallery","timestamp":"2021-05-30T12:26:59.262Z"}
{"level":"info","message":"path:/user/account/address","timestamp":"2021-05-30T12:26:59.269Z"}
{"level":"info","message":"path:/user/cart","timestamp":"2021-05-30T12:26:59.809Z"}
{"level":"info","message":"path:/user/status","timestamp":"2021-05-30T12:27:06.243Z"}
{"level":"info","message":"path:/user/cart","timestamp":"2021-05-30T12:27:06.246Z"}
{"level":"info","message":"path:/product","timestamp":"2021-05-30T12:27:06.250Z"}
{"level":"info","message":"path:/user/status","timestamp":"2021-05-30T12:27:07.472Z"}
{"level":"info","message":"path:/user/cart","timestamp":"2021-05-30T12:27:07.478Z"}
{"level":"info","message":"path:/product","timestamp":"2021-05-30T12:27:07.482Z"}
{"level":"info","message":"path:/gallery","timestamp":"2021-05-30T12:27:07.487Z"}
{"level":"info","message":"path:/user/account/address","timestamp":"2021-05-30T12:27:07.530Z"}
{"level":"info","message":"path:/user/cart","timestamp":"2021-05-30T12:27:08.053Z"}
{"level":"info","message":"path:/user/cart","timestamp":"2021-05-30T12:27:11.060Z"}
{"level":"info","message":"path:/user/status","timestamp":"2021-05-30T12:27:11.066Z"}
{"level":"info","message":"path:/product","timestamp":"2021-05-30T12:27:11.136Z"}
{"level":"info","message":"path:/gallery","timestamp":"2021-05-30T12:27:11.139Z"}
{"level":"info","message":"path:/user/account/address","timestamp":"2021-05-30T12:27:11.143Z"}
{"level":"info","message":"path:/user/cart","timestamp":"2021-05-30T12:27:11.384Z"}
{"level":"info","message":"path:/user/status","timestamp":"2021-05-30T12:39:16.631Z"}
{"level":"info","message":"path:/user/cart","timestamp":"2021-05-30T12:39:16.633Z"}
{"level":"info","message":"path:/product","timestamp":"2021-05-30T12:39:16.848Z"}
{"level":"info","message":"path:/gallery","timestamp":"2021-05-30T12:39:16.850Z"}
{"level":"info","message":"path:/user/account/address","timestamp":"2021-05-30T12:39:16.852Z"}
{"level":"info","message":"path:/user/cart","timestamp":"2021-05-30T12:39:16.905Z"}
{"level":"info","message":"path:/user/status","timestamp":"2021-05-30T12:40:40.066Z"}
{"level":"info","message":"path:/user/cart","timestamp":"2021-05-30T12:40:40.069Z"}
{"level":"info","message":"path:/product","timestamp":"2021-05-30T12:40:40.149Z"}
{"level":"info","message":"path:/gallery","timestamp":"2021-05-30T12:40:40.150Z"}
{"level":"info","message":"path:/user/account/address","timestamp":"2021-05-30T12:40:40.947Z"}
{"level":"info","message":"path:/user/cart","timestamp":"2021-05-30T12:40:40.969Z"}
{"level":"info","message":"path:/user/status","timestamp":"2021-05-30T12:46:26.584Z"}
{"level":"info","message":"path:/user/cart","timestamp":"2021-05-30T12:46:26.588Z"}
{"level":"info","message":"path:/product","timestamp":"2021-05-30T12:46:26.663Z"}
{"level":"info","message":"path:/gallery","timestamp":"2021-05-30T12:46:26.666Z"}
{"level":"info","message":"path:/user/account/address","timestamp":"2021-05-30T12:46:27.449Z"}
{"level":"info","message":"path:/user/cart","timestamp":"2021-05-30T12:46:27.460Z"}
{"level":"info","message":"path:/user/status","timestamp":"2021-05-30T13:41:39.828Z"}
{"level":"info","message":"path:/user/cart","timestamp":"2021-05-30T13:41:39.831Z"}
{"level":"info","message":"path:/gallery","timestamp":"2021-05-30T13:41:39.915Z"}
{"level":"info","message":"path:/product","timestamp":"2021-05-30T13:41:39.917Z"}
{"level":"info","message":"path:/user/account/address","timestamp":"2021-05-30T13:41:40.712Z"}
{"level":"info","message":"path:/user/cart","timestamp":"2021-05-30T13:41:40.747Z"}
{"level":"info","message":"path:/user/status","timestamp":"2021-05-30T14:04:28.790Z"}
{"level":"info","message":"path:/user/cart","timestamp":"2021-05-30T14:04:28.792Z"}
{"level":"info","message":"path:/product","timestamp":"2021-05-30T14:04:28.794Z"}
{"level":"info","message":"path:/gallery","timestamp":"2021-05-30T14:04:29.139Z"}
{"level":"info","message":"path:/user/account/address","timestamp":"2021-05-30T14:04:29.142Z"}
{"level":"info","message":"path:/user/cart","timestamp":"2021-05-30T14:04:29.459Z"}
{"level":"info","message":"path:/user/status","timestamp":"2021-05-30T14:14:39.943Z"}
{"level":"info","message":"path:/user/cart","timestamp":"2021-05-30T14:14:39.945Z"}
{"level":"info","message":"path:/product","timestamp":"2021-05-30T14:14:40.031Z"}
{"level":"info","message":"path:/gallery","timestamp":"2021-05-30T14:14:40.033Z"}
{"level":"info","message":"path:/user/account/address","timestamp":"2021-05-30T14:14:40.830Z"}
{"level":"info","message":"path:/user/cart","timestamp":"2021-05-30T14:14:40.851Z"}
{"level":"info","message":"path:/user/status","timestamp":"2021-05-30T14:14:47.034Z"}
{"level":"info","message":"path:/user/cart","timestamp":"2021-05-30T14:14:47.036Z"}
{"level":"info","message":"path:/product","timestamp":"2021-05-30T14:14:47.276Z"}
{"level":"info","message":"path:/gallery","timestamp":"2021-05-30T14:14:47.280Z"}
{"level":"info","message":"path:/user/account/address","timestamp":"2021-05-30T14:14:47.282Z"}
{"level":"info","message":"path:/user/cart","timestamp":"2021-05-30T14:14:47.320Z"}
{"level":"info","message":"path:/user/status","timestamp":"2021-05-30T14:15:29.683Z"}
{"level":"info","message":"path:/user/cart","timestamp":"2021-05-30T14:15:29.686Z"}
{"level":"info","message":"path:/product","timestamp":"2021-05-30T14:15:29.689Z"}
{"level":"info","message":"path:/gallery","timestamp":"2021-05-30T14:15:29.933Z"}
{"level":"info","message":"path:/user/account/address","timestamp":"2021-05-30T14:15:29.935Z"}
{"level":"info","message":"path:/user/cart","timestamp":"2021-05-30T14:15:29.959Z"}
